<?xml version="1.0" encoding="UTF-8"?>
<!-- Generated by org.testng.reporters.JUnitReportReporter -->
<testsuite skipped="0" hostname="DESKTOP-FHT6JQ6" name="org.bank.BankTest" tests="1" failures="0" timestamp="20 Mar 2024 03:24:19 GMT" time="25.462" errors="0">
  <testcase name="bank" time="25.462" classname="org.bank.BankTest"/>
</testsuite> <!-- org.bank.BankTest -->
